<?xml version="1.0" encoding="UTF-8"?>
<!-- Generated by org.testng.reporters.JUnitXMLReporter -->
<testsuite ignored="2" hostname="LAPTOP-ISJLQKD3" failures="0" tests="12" name="Test" time="35.408" errors="0" timestamp="2024-11-12T11:45:13 IST">
  <testcase classname="qa.gunnerroofing.com.qa.gunnerroofing.com.Header" name="siteImage" time="1.419"/>
  <testcase classname="qa.gunnerroofing.com.qa.gunnerroofing.com.Header" name="services" time="6.371"/>
  <testcase classname="qa.gunnerroofing.com.qa.gunnerroofing.com.Header" name="Resources" time="4.694"/>
  <testcase classname="qa.gunnerroofing.com.qa.gunnerroofing.com.Header" name="ourWork" time="2.091"/>
  <testcase classname="qa.gunnerroofing.com.qa.gunnerroofing.com.Header" name="ContactUs" time="1.055"/>
  <testcase classname="qa.gunnerroofing.com.qa.gunnerroofing.com.Header" name="Financing" time="1.713"/>
  <testcase classname="qa.gunnerroofing.com.qa.gunnerroofing.com.Header" name="AboutUs" time="1.702"/>
  <testcase classname="qa.gunnerroofing.com.qa.gunnerroofing.com.Header" name="MyAccount" time="3.204"/>
  <testcase classname="qa.gunnerroofing.com.qa.gunnerroofing.com.Header" name="getQuoteinHeader" time="2.637"/>
  <testcase classname="qa.gunnerroofing.com.qa.gunnerroofing.com.container1" name="slides" time="1.277"/>
  <testcase classname="qa.gunnerroofing.com.qa.gunnerroofing.com.container1" name="video" time="0.222"/>
  <testcase classname="qa.gunnerroofing.com.qa.gunnerroofing.com.container1" name="getYourQuote_InContainer1" time="1.807"/>
  <testcase classname="qa.gunnerroofing.com.qa.gunnerroofing.com.launchSite" name="@BeforeSuite launchUrl" time="0.0">
    <ignored/>
  </testcase> <!-- @BeforeSuite launchUrl -->
  <testcase classname="qa.gunnerroofing.com.qa.gunnerroofing.com.launchSite" name="@AfterSuite closeSite" time="0.0">
    <ignored/>
  </testcase> <!-- @AfterSuite closeSite -->
</testsuite> <!-- Test -->
